App-Project-2/app/build/intermediates/manifest_merge_blame_file/debug/manifest-merger-blame-debug-report.txt
1<?xml version="1.0" encoding="utf-8"?>
2<manifest xmlns:android="http://schemas.android.com/apk/res/android"
3    package="my.edu.utar.blooddonationmad"
4    android:versionCode="1"
5    android:versionName="1.0" >
6
7    <uses-sdk
8        android:minSdkVersion="21"
8-->src\main\AndroidManifest.xml
9        android:targetSdkVersion="32" />
9-->src\main\AndroidManifest.xml
10
11    <uses-permission android:name="android.permission.INTERNET" />
11-->[com.google.android.gms:play-services-measurement-api:20.1.1] AndroidManifest.xml:22:5-67
11-->[com.google.android.gms:play-services-measurement-api:20.1.1] AndroidManifest.xml:22:22-64
12    <uses-permission android:name="android.permission.ACCESS_NETWORK_STATE" />
12-->[com.google.android.gms:play-services-measurement-api:20.1.1] AndroidManifest.xml:23:5-79
12-->[com.google.android.gms:play-services-measurement-api:20.1.1] AndroidManifest.xml:23:22-76
13    <uses-permission android:name="android.permission.WAKE_LOCK" />
13-->[com.google.android.gms:play-services-measurement-api:20.1.1] AndroidManifest.xml:24:5-68
13-->[com.google.android.gms:play-services-measurement-api:20.1.1] AndroidManifest.xml:24:22-65
14    <uses-permission android:name="com.google.android.gms.permission.AD_ID" />
14-->[com.google.android.gms:play-services-measurement-api:20.1.1] AndroidManifest.xml:25:5-79
14-->[com.google.android.gms:play-services-measurement-api:20.1.1] AndroidManifest.xml:25:22-76
15    <uses-permission android:name="com.google.android.finsky.permission.BIND_GET_INSTALL_REFERRER_SERVICE" />
15-->[com.google.android.gms:play-services-measurement:20.1.1] AndroidManifest.xml:26:5-110
15-->[com.google.android.gms:play-services-measurement:20.1.1] AndroidManifest.xml:26:22-107
16
17    <application
17-->src\main\AndroidManifest.xml:5:5-32:19
18        android:allowBackup="true"
18-->src\main\AndroidManifest.xml:6:9-35
19        android:appComponentFactory="androidx.core.app.CoreComponentFactory"
19-->[androidx.core:core:1.7.0] AndroidManifest.xml:24:18-86
20        android:debuggable="true"
21        android:icon="@mipmap/ic_launcher"
21-->src\main\AndroidManifest.xml:7:9-43
22        android:label="@string/app_name"
22-->src\main\AndroidManifest.xml:8:9-41
23        android:roundIcon="@mipmap/ic_launcher_round"
23-->src\main\AndroidManifest.xml:9:9-54
24        android:supportsRtl="true"
24-->src\main\AndroidManifest.xml:10:9-35
25        android:testOnly="true"
26        android:theme="@style/Theme.BloodDonationMAD" >
26-->src\main\AndroidManifest.xml:11:9-54
27
28        <!-- <activity -->
29        <!-- android:name=".admin.ui.MainActivity" -->
30        <!-- android:exported="true"> -->
31        <!-- <intent-filter> -->
32        <!-- <action android:name="android.intent.action.MAIN" /> -->
33
34
35        <!-- <category android:name="android.intent.category.LAUNCHER" /> -->
36        <!-- </intent-filter> -->
37        <!-- </activity> -->
38        <activity
38-->src\main\AndroidManifest.xml:21:9-29:20
39            android:name="my.edu.utar.blooddonationmad.sample.TestActivity"
39-->src\main\AndroidManifest.xml:22:13-48
40            android:exported="true" >
40-->src\main\AndroidManifest.xml:23:13-36
41            <intent-filter>
41-->src\main\AndroidManifest.xml:24:13-28:29
42                <action android:name="android.intent.action.MAIN" />
42-->src\main\AndroidManifest.xml:25:17-69
42-->src\main\AndroidManifest.xml:25:25-66
43
44                <category android:name="android.intent.category.LAUNCHER" />
44-->src\main\AndroidManifest.xml:27:17-77
44-->src\main\AndroidManifest.xml:27:27-74
45            </intent-filter>
46        </activity>
47        <activity
47-->src\main\AndroidManifest.xml:30:9-85
48            android:name="my.edu.utar.blooddonationmad.sample.TestAddActivity"
48-->src\main\AndroidManifest.xml:30:19-57
49            android:exported="false" />
49-->src\main\AndroidManifest.xml:30:58-82
50
51        <service
51-->[com.google.firebase:firebase-database-ktx:20.0.4] AndroidManifest.xml:12:9-18:19
52            android:name="com.google.firebase.components.ComponentDiscoveryService"
52-->[com.google.firebase:firebase-database-ktx:20.0.4] AndroidManifest.xml:13:13-84
53            android:directBootAware="true"
53-->[com.google.firebase:firebase-common:20.1.0] AndroidManifest.xml:35:13-43
54            android:exported="false" >
54-->[com.google.firebase:firebase-database-ktx:20.0.4] AndroidManifest.xml:14:13-37
55            <meta-data
55-->[com.google.firebase:firebase-database-ktx:20.0.4] AndroidManifest.xml:15:13-17:85
56                android:name="com.google.firebase.components:com.google.firebase.database.ktx.FirebaseDatabaseKtxRegistrar"
56-->[com.google.firebase:firebase-database-ktx:20.0.4] AndroidManifest.xml:16:17-124
57                android:value="com.google.firebase.components.ComponentRegistrar" />
57-->[com.google.firebase:firebase-database-ktx:20.0.4] AndroidManifest.xml:17:17-82
58            <meta-data
58-->[com.google.firebase:firebase-common-ktx:20.1.0] AndroidManifest.xml:15:13-17:85
59                android:name="com.google.firebase.components:com.google.firebase.ktx.FirebaseCommonKtxRegistrar"
59-->[com.google.firebase:firebase-common-ktx:20.1.0] AndroidManifest.xml:16:17-113
60                android:value="com.google.firebase.components.ComponentRegistrar" />
60-->[com.google.firebase:firebase-common-ktx:20.1.0] AndroidManifest.xml:17:17-82
61            <meta-data
61-->[com.google.android.gms:play-services-measurement-api:20.1.1] AndroidManifest.xml:31:13-33:85
62                android:name="com.google.firebase.components:com.google.firebase.analytics.connector.internal.AnalyticsConnectorRegistrar"
62-->[com.google.android.gms:play-services-measurement-api:20.1.1] AndroidManifest.xml:32:17-139
63                android:value="com.google.firebase.components.ComponentRegistrar" />
63-->[com.google.android.gms:play-services-measurement-api:20.1.1] AndroidManifest.xml:33:17-82
64            <meta-data
64-->[com.google.firebase:firebase-database:20.0.4] AndroidManifest.xml:32:13-34:85
65                android:name="com.google.firebase.components:com.google.firebase.database.DatabaseRegistrar"
65-->[com.google.firebase:firebase-database:20.0.4] AndroidManifest.xml:33:17-109
66                android:value="com.google.firebase.components.ComponentRegistrar" />
66-->[com.google.firebase:firebase-database:20.0.4] AndroidManifest.xml:34:17-82
67            <meta-data
67-->[com.google.firebase:firebase-installations:17.0.1] AndroidManifest.xml:18:13-20:85
68                android:name="com.google.firebase.components:com.google.firebase.installations.FirebaseInstallationsRegistrar"
68-->[com.google.firebase:firebase-installations:17.0.1] AndroidManifest.xml:19:17-127
69                android:value="com.google.firebase.components.ComponentRegistrar" />
69-->[com.google.firebase:firebase-installations:17.0.1] AndroidManifest.xml:20:17-82
70        </service>
71
72        <provider
72-->[com.google.firebase:firebase-common:20.1.0] AndroidManifest.xml:26:9-31:39
73            android:name="com.google.firebase.provider.FirebaseInitProvider"
73-->[com.google.firebase:firebase-common:20.1.0] AndroidManifest.xml:27:13-77
74            android:authorities="my.edu.utar.blooddonationmad.firebaseinitprovider"
74-->[com.google.firebase:firebase-common:20.1.0] AndroidManifest.xml:28:13-72
75            android:directBootAware="true"
75-->[com.google.firebase:firebase-common:20.1.0] AndroidManifest.xml:29:13-43
76            android:exported="false"
76-->[com.google.firebase:firebase-common:20.1.0] AndroidManifest.xml:30:13-37
77            android:initOrder="100" />
77-->[com.google.firebase:firebase-common:20.1.0] AndroidManifest.xml:31:13-36
78
79        <receiver
79-->[com.google.android.gms:play-services-measurement:20.1.1] AndroidManifest.xml:29:9-33:20
80            android:name="com.google.android.gms.measurement.AppMeasurementReceiver"
80-->[com.google.android.gms:play-services-measurement:20.1.1] AndroidManifest.xml:30:13-85
81            android:enabled="true"
81-->[com.google.android.gms:play-services-measurement:20.1.1] AndroidManifest.xml:31:13-35
82            android:exported="false" >
82-->[com.google.android.gms:play-services-measurement:20.1.1] AndroidManifest.xml:32:13-37
83        </receiver>
84
85        <service
85-->[com.google.android.gms:play-services-measurement:20.1.1] AndroidManifest.xml:35:9-38:40
86            android:name="com.google.android.gms.measurement.AppMeasurementService"
86-->[com.google.android.gms:play-services-measurement:20.1.1] AndroidManifest.xml:36:13-84
87            android:enabled="true"
87-->[com.google.android.gms:play-services-measurement:20.1.1] AndroidManifest.xml:37:13-35
88            android:exported="false" />
88-->[com.google.android.gms:play-services-measurement:20.1.1] AndroidManifest.xml:38:13-37
89        <service
89-->[com.google.android.gms:play-services-measurement:20.1.1] AndroidManifest.xml:39:9-43:72
90            android:name="com.google.android.gms.measurement.AppMeasurementJobService"
90-->[com.google.android.gms:play-services-measurement:20.1.1] AndroidManifest.xml:40:13-87
91            android:enabled="true"
91-->[com.google.android.gms:play-services-measurement:20.1.1] AndroidManifest.xml:41:13-35
92            android:exported="false"
92-->[com.google.android.gms:play-services-measurement:20.1.1] AndroidManifest.xml:42:13-37
93            android:permission="android.permission.BIND_JOB_SERVICE" />
93-->[com.google.android.gms:play-services-measurement:20.1.1] AndroidManifest.xml:43:13-69
94
95        <activity
95-->[com.google.android.gms:play-services-base:18.0.1] AndroidManifest.xml:20:9-22:45
96            android:name="com.google.android.gms.common.api.GoogleApiActivity"
96-->[com.google.android.gms:play-services-base:18.0.1] AndroidManifest.xml:20:19-85
97            android:exported="false"
97-->[com.google.android.gms:play-services-base:18.0.1] AndroidManifest.xml:22:19-43
98            android:theme="@android:style/Theme.Translucent.NoTitleBar" />
98-->[com.google.android.gms:play-services-base:18.0.1] AndroidManifest.xml:21:19-78
99
100        <meta-data
100-->[com.google.android.gms:play-services-basement:18.0.0] AndroidManifest.xml:21:9-23:69
101            android:name="com.google.android.gms.version"
101-->[com.google.android.gms:play-services-basement:18.0.0] AndroidManifest.xml:22:13-58
102            android:value="@integer/google_play_services_version" />
102-->[com.google.android.gms:play-services-basement:18.0.0] AndroidManifest.xml:23:13-66
103
104        <provider
104-->[androidx.emoji2:emoji2:1.0.0] AndroidManifest.xml:26:9-34:20
105            android:name="androidx.startup.InitializationProvider"
105-->[androidx.emoji2:emoji2:1.0.0] AndroidManifest.xml:27:13-67
106            android:authorities="my.edu.utar.blooddonationmad.androidx-startup"
106-->[androidx.emoji2:emoji2:1.0.0] AndroidManifest.xml:28:13-68
107            android:exported="false" >
107-->[androidx.emoji2:emoji2:1.0.0] AndroidManifest.xml:29:13-37
108            <meta-data
108-->[androidx.emoji2:emoji2:1.0.0] AndroidManifest.xml:31:13-33:52
109                android:name="androidx.emoji2.text.EmojiCompatInitializer"
109-->[androidx.emoji2:emoji2:1.0.0] AndroidManifest.xml:32:17-75
110                android:value="androidx.startup" />
110-->[androidx.emoji2:emoji2:1.0.0] AndroidManifest.xml:33:17-49
111            <meta-data
111-->[androidx.lifecycle:lifecycle-process:2.4.0] AndroidManifest.xml:31:13-33:52
112                android:name="androidx.lifecycle.ProcessLifecycleInitializer"
112-->[androidx.lifecycle:lifecycle-process:2.4.0] AndroidManifest.xml:32:17-78
113                android:value="androidx.startup" />
113-->[androidx.lifecycle:lifecycle-process:2.4.0] AndroidManifest.xml:33:17-49
114        </provider>
115
116        <uses-library
116-->[androidx.window:window:1.0.0] AndroidManifest.xml:25:9-27:40
117            android:name="androidx.window.extensions"
117-->[androidx.window:window:1.0.0] AndroidManifest.xml:26:13-54
118            android:required="false" />
118-->[androidx.window:window:1.0.0] AndroidManifest.xml:27:13-37
119        <uses-library
119-->[androidx.window:window:1.0.0] AndroidManifest.xml:28:9-30:40
120            android:name="androidx.window.sidecar"
120-->[androidx.window:window:1.0.0] AndroidManifest.xml:29:13-51
121            android:required="false" />
121-->[androidx.window:window:1.0.0] AndroidManifest.xml:30:13-37
122    </application>
123
124</manifest>